#
# There is insufficient memory for the Java Runtime Environment to continue.
# Native memory allocation (mmap) failed to map 266338304 bytes. Error detail: G1 virtual space
# Possible reasons:
#   The system is out of physical RAM or swap space
#   This process is running with CompressedOops enabled, and the Java Heap may be blocking the growth of the native heap
# Possible solutions:
#   Reduce memory load on the system
#   Increase physical memory or swap space
#   Check if swap backing store is full
#   Decrease Java heap size (-Xmx/-Xms)
#   Decrease number of Java threads
#   Decrease Java thread stack sizes (-Xss)
#   Set larger code cache with -XX:ReservedCodeCacheSize=
#   JVM is running with Zero Based Compressed Oops mode in which the Java heap is
#     placed in the first 32GB address space. The Java Heap base address is the
#     maximum limit for the native heap growth. Please use -XX:HeapBaseMinAddress
#     to set the Java Heap base and to place the Java Heap above 32GB virtual address.
# This output file may be truncated or incomplete.
#
#  Out of Memory Error (os_windows.cpp:3825), pid=12656, tid=6276
#
# JRE version:  (17.0.11+1) (build )
# Java VM: OpenJDK 64-Bit Server VM (17.0.11+1-b1207.24, mixed mode, emulated-client, sharing, tiered, compressed oops, compressed class ptrs, g1 gc, windows-amd64)
# No core dump will be written. Minidumps are not enabled by default on client versions of Windows
#

---------------  S U M M A R Y ------------

Command Line: -XX:TieredStopAtLevel=1 -Dspring.output.ansi.enabled=always -Dcom.sun.management.jmxremote -Dspring.jmx.enabled=true -Dspring.liveBeansView.mbeanDomain -Dspring.application.admin.enabled=true -Dmanagement.endpoints.jmx.exposure.include=* -javaagent:C:\Program Files\JetBrains\IntelliJ IDEA 2024.1.3\lib\idea_rt.jar=14547:C:\Program Files\JetBrains\IntelliJ IDEA 2024.1.3\bin -Dfile.encoding=UTF-8 com.pramu.ecommerce.NotificationApplication

Host: Intel(R) Core(TM) i5-8300H CPU @ 2.30GHz, 8 cores, 15G,  Windows 10 , 64 bit Build 19041 (10.0.19041.4717)
Time: Mon Aug 26 22:03:06 2024 Sri Lanka Standard Time elapsed time: 0.020048 seconds (0d 0h 0m 0s)

---------------  T H R E A D  ---------------

Current thread (0x000002cd40e96c70):  JavaThread "Unknown thread" [_thread_in_vm, id=6276, stack(0x000000f623100000,0x000000f623200000)]

Stack: [0x000000f623100000,0x000000f623200000]
Native frames: (J=compiled Java code, j=interpreted, Vv=VM code, C=native code)
V  [jvm.dll+0x6877f9]
V  [jvm.dll+0x8411aa]
V  [jvm.dll+0x842e2e]
V  [jvm.dll+0x843493]
V  [jvm.dll+0x249fdf]
V  [jvm.dll+0x6845c9]
V  [jvm.dll+0x678e7a]
V  [jvm.dll+0x30ab4b]
V  [jvm.dll+0x311ff6]
V  [jvm.dll+0x361a5e]
V  [jvm.dll+0x361c8f]
V  [jvm.dll+0x2e0978]
V  [jvm.dll+0x2e18e4]
V  [jvm.dll+0x811c71]
V  [jvm.dll+0x36f7c8]
V  [jvm.dll+0x7f05f6]
V  [jvm.dll+0x3f398f]
V  [jvm.dll+0x3f5541]
C  [jli.dll+0x528f]
C  [ucrtbase.dll+0x21bb2]
C  [KERNEL32.DLL+0x17374]
C  [ntdll.dll+0x4cc91]


---------------  P R O C E S S  ---------------

Threads class SMR info:
_java_thread_list=0x00007ffb2b23efd8, length=0, elements={
}

Java Threads: ( => current thread )

Other Threads:
  0x000002cd40efff70 GCTaskThread "GC Thread#0" [stack: 0x000000f623200000,0x000000f623300000] [id=17360]
  0x000002cd40f10c50 ConcurrentGCThread "G1 Main Marker" [stack: 0x000000f623300000,0x000000f623400000] [id=28232]
  0x000002cd40f11e10 ConcurrentGCThread "G1 Conc#0" [stack: 0x000000f623400000,0x000000f623500000] [id=29532]

[error occurred during error reporting (printing all threads), id 0xc0000005, EXCEPTION_ACCESS_VIOLATION (0xc0000005) at pc=0x00007ffb2a9f1547]

VM state: not at safepoint (not fully initialized)

VM Mutex/Monitor currently owned by a thread:  ([mutex/lock_event])
[0x000002cd40e90a80] Heap_lock - owner thread: 0x000002cd40e96c70

Heap address: 0x0000000702600000, size: 4058 MB, Compressed Oops mode: Zero based, Oop shift amount: 3

CDS archive(s) mapped at: [0x0000000000000000-0x0000000000000000-0x0000000000000000), size 0, SharedBaseAddress: 0x0000000800000000, ArchiveRelocationMode: 1.
Narrow klass base: 0x0000000000000000, Narrow klass shift: 0, Narrow klass range: 0x0

GC Precious Log:
<Empty>

Heap:
 garbage-first heap   total 0K, used 0K [0x0000000702600000, 0x0000000800000000)
  region size 2048K, 0 young (0K), 0 survivors (0K)
 Metaspace       used 0K, committed 0K, reserved 0K
  class space    used 0K, committed 0K, reserved 0K

Heap Regions: E=young(eden), S=young(survivor), O=old, HS=humongous(starts), HC=humongous(continues), CS=collection set, F=free, OA=open archive, CA=closed archive, TAMS=top-at-mark-start (previous, next)

Card table byte_map: [0x000002cd47f10000,0x000002cd48700000] _byte_map_base: 0x000002cd446fd000

Marking Bits (Prev, Next): (CMBitMap*) 0x000002cd40f00590, (CMBitMap*) 0x000002cd40f005d0
 Prev Bits: [0x000002cd48ef0000, 0x000002cd4ce58000)
 Next Bits: [0x000002cd4ce60000, 0x000002cd50dc8000)

GC Heap History (0 events):
No events

Dll operation events (1 events):
Event: 0.010 Loaded shared library C:\Program Files\JetBrains\IntelliJ IDEA 2024.1.3\jbr\bin\java.dll

Deoptimization events (0 events):
No events

Classes unloaded (0 events):
No events

Classes redefined (0 events):
No events

Internal exceptions (0 events):
No events

VM Operations (0 events):
No events

Events (0 events):
No events


Dynamic libraries:
0x00007ff77cd60000 - 0x00007ff77cd6a000 	C:\Program Files\JetBrains\IntelliJ IDEA 2024.1.3\jbr\bin\java.exe
0x00007ffb7fd10000 - 0x00007ffb7ff08000 	C:\Windows\SYSTEM32\ntdll.dll
0x00007ffb7f990000 - 0x00007ffb7fa51000 	C:\Windows\System32\KERNEL32.DLL
0x00007ffb7d650000 - 0x00007ffb7d94d000 	C:\Windows\System32\KERNELBASE.dll
0x00007ffb7d980000 - 0x00007ffb7da80000 	C:\Windows\System32\ucrtbase.dll
0x00007ffb61410000 - 0x00007ffb61427000 	C:\Program Files\JetBrains\IntelliJ IDEA 2024.1.3\jbr\bin\jli.dll
0x00007ffb69af0000 - 0x00007ffb69b0b000 	C:\Program Files\JetBrains\IntelliJ IDEA 2024.1.3\jbr\bin\VCRUNTIME140.dll
0x00007ffb7fac0000 - 0x00007ffb7fc5d000 	C:\Windows\System32\USER32.dll
0x00007ffb69f20000 - 0x00007ffb6a1ba000 	C:\Windows\WinSxS\amd64_microsoft.windows.common-controls_6595b64144ccf1df_6.0.19041.4355_none_60b8b9eb71f62e16\COMCTL32.dll
0x00007ffb7d950000 - 0x00007ffb7d972000 	C:\Windows\System32\win32u.dll
0x00007ffb7eff0000 - 0x00007ffb7f08e000 	C:\Windows\System32\msvcrt.dll
0x00007ffb7de50000 - 0x00007ffb7de7b000 	C:\Windows\System32\GDI32.dll
0x00007ffb7db30000 - 0x00007ffb7dc47000 	C:\Windows\System32\gdi32full.dll
0x00007ffb7dca0000 - 0x00007ffb7dd3d000 	C:\Windows\System32\msvcp_win.dll
0x00007ffb7dd70000 - 0x00007ffb7dd9f000 	C:\Windows\System32\IMM32.DLL
0x00007ffb78ad0000 - 0x00007ffb78adc000 	C:\Program Files\JetBrains\IntelliJ IDEA 2024.1.3\jbr\bin\vcruntime140_1.dll
0x00007ffb544a0000 - 0x00007ffb5452d000 	C:\Program Files\JetBrains\IntelliJ IDEA 2024.1.3\jbr\bin\msvcp140.dll
0x00007ffb2a700000 - 0x00007ffb2b383000 	C:\Program Files\JetBrains\IntelliJ IDEA 2024.1.3\jbr\bin\server\jvm.dll
0x00007ffb7e9f0000 - 0x00007ffb7eaa0000 	C:\Windows\System32\ADVAPI32.dll
0x00007ffb7eb10000 - 0x00007ffb7ebb0000 	C:\Windows\System32\sechost.dll
0x00007ffb7edf0000 - 0x00007ffb7ef13000 	C:\Windows\System32\RPCRT4.dll
0x00007ffb7d5b0000 - 0x00007ffb7d5d7000 	C:\Windows\System32\bcrypt.dll
0x00007ffb7c920000 - 0x00007ffb7c96b000 	C:\Windows\SYSTEM32\POWRPROF.dll
0x00007ffb6cce0000 - 0x00007ffb6cd07000 	C:\Windows\SYSTEM32\WINMM.dll
0x00007ffb60620000 - 0x00007ffb60629000 	C:\Windows\SYSTEM32\WSOCK32.dll
0x00007ffb78d20000 - 0x00007ffb78d2a000 	C:\Windows\SYSTEM32\VERSION.dll
0x00007ffb7eaa0000 - 0x00007ffb7eb0b000 	C:\Windows\System32\WS2_32.dll
0x00007ffb7c780000 - 0x00007ffb7c792000 	C:\Windows\SYSTEM32\UMPDC.dll
0x00007ffb7b200000 - 0x00007ffb7b212000 	C:\Windows\SYSTEM32\kernel.appcore.dll
0x00007ffb78f70000 - 0x00007ffb78f7a000 	C:\Program Files\JetBrains\IntelliJ IDEA 2024.1.3\jbr\bin\jimage.dll
0x00007ffb6ca30000 - 0x00007ffb6cc14000 	C:\Windows\SYSTEM32\DBGHELP.DLL
0x00007ffb67300000 - 0x00007ffb67334000 	C:\Windows\SYSTEM32\dbgcore.DLL
0x00007ffb7d520000 - 0x00007ffb7d5a2000 	C:\Windows\System32\bcryptPrimitives.dll
0x00007ffb633e0000 - 0x00007ffb633ee000 	C:\Program Files\JetBrains\IntelliJ IDEA 2024.1.3\jbr\bin\instrument.dll
0x00007ffb63640000 - 0x00007ffb63665000 	C:\Program Files\JetBrains\IntelliJ IDEA 2024.1.3\jbr\bin\java.dll

dbghelp: loaded successfully - version: 4.0.5 - missing functions: none
symbol engine: initialized successfully - sym options: 0x614 - pdb path: .;C:\Program Files\JetBrains\IntelliJ IDEA 2024.1.3\jbr\bin;C:\Windows\SYSTEM32;C:\Windows\WinSxS\amd64_microsoft.windows.common-controls_6595b64144ccf1df_6.0.19041.4355_none_60b8b9eb71f62e16;C:\Program Files\JetBrains\IntelliJ IDEA 2024.1.3\jbr\bin\server

VM Arguments:
jvm_args: -XX:TieredStopAtLevel=1 -Dspring.output.ansi.enabled=always -Dcom.sun.management.jmxremote -Dspring.jmx.enabled=true -Dspring.liveBeansView.mbeanDomain -Dspring.application.admin.enabled=true -Dmanagement.endpoints.jmx.exposure.include=* -javaagent:C:\Program Files\JetBrains\IntelliJ IDEA 2024.1.3\lib\idea_rt.jar=14547:C:\Program Files\JetBrains\IntelliJ IDEA 2024.1.3\bin -Dfile.encoding=UTF-8 
java_command: com.pramu.ecommerce.NotificationApplication
java_class_path (initial): C:\Users\MSI\Documents\IntellijIDEA Projects\e-commerce\services\notification\target\classes;C:\Users\MSI\.m2\repository\org\springframework\boot\spring-boot-starter-actuator\3.3.3\spring-boot-starter-actuator-3.3.3.jar;C:\Users\MSI\.m2\repository\org\springframework\boot\spring-boot-starter\3.3.3\spring-boot-starter-3.3.3.jar;C:\Users\MSI\.m2\repository\org\springframework\boot\spring-boot\3.3.3\spring-boot-3.3.3.jar;C:\Users\MSI\.m2\repository\org\springframework\boot\spring-boot-autoconfigure\3.3.3\spring-boot-autoconfigure-3.3.3.jar;C:\Users\MSI\.m2\repository\org\springframework\boot\spring-boot-starter-logging\3.3.3\spring-boot-starter-logging-3.3.3.jar;C:\Users\MSI\.m2\repository\ch\qos\logback\logback-classic\1.5.7\logback-classic-1.5.7.jar;C:\Users\MSI\.m2\repository\ch\qos\logback\logback-core\1.5.7\logback-core-1.5.7.jar;C:\Users\MSI\.m2\repository\org\apache\logging\log4j\log4j-to-slf4j\2.23.1\log4j-to-slf4j-2.23.1.jar;C:\Users\MSI\.m2\repository\org\apache\logging\log4j\log4j-api\2.23.1\log4j-api-2.23.1.jar;C:\Users\MSI\.m2\repository\org\slf4j\jul-to-slf4j\2.0.16\jul-to-slf4j-2.0.16.jar;C:\Users\MSI\.m2\repository\jakarta\annotation\jakarta.annotation-api\2.1.1\jakarta.annotation-api-2.1.1.jar;C:\Users\MSI\.m2\repository\org\yaml\snakeyaml\2.2\snakeyaml-2.2.jar;C:\Users\MSI\.m2\repository\org\springframework\boot\spring-boot-actuator-autoconfigure\3.3.3\spring-boot-actuator-autoconfigure-3.3.3.jar;C:\Users\MSI\.m2\repository\org\springframework\boot\spring-boot-actuator\3.3.3\spring-boot-actuator-3.3.3.jar;C:\Users\MSI\.m2\repository\com\fasterxml\jackson\datatype\jackson-datatype-jsr310\2.17.2\jackson-datatype-jsr310-2.17.2.jar;C:\Users\MSI\.m2\repository\io\micrometer\micrometer-observation\1.13.3\micrometer-observation-1.13.3.jar;C:\Users\MSI\.m2\repository\io\micrometer\micrometer-commons\1.13.3\micrometer-commons-1.13.3.jar;C:\Users\MSI\.m2\repository\io\micrometer\micrometer-jakarta9\1.13.3\micrometer-jakarta9-1.13.3.
Launcher Type: SUN_STANDARD

[Global flags]
     intx CICompilerCount                          = 4                                         {product} {ergonomic}
     uint ConcGCThreads                            = 2                                         {product} {ergonomic}
     uint G1ConcRefinementThreads                  = 8                                         {product} {ergonomic}
   size_t G1HeapRegionSize                         = 2097152                                   {product} {ergonomic}
    uintx GCDrainStackTargetSize                   = 64                                        {product} {ergonomic}
   size_t InitialHeapSize                          = 266338304                                 {product} {ergonomic}
     bool ManagementServer                         = true                                      {product} {command line}
   size_t MarkStackSize                            = 4194304                                   {product} {ergonomic}
   size_t MaxHeapSize                              = 4255121408                                {product} {ergonomic}
   size_t MinHeapDeltaBytes                        = 2097152                                   {product} {ergonomic}
   size_t MinHeapSize                              = 8388608                                   {product} {ergonomic}
    uintx NonProfiledCodeHeapSize                  = 0                                      {pd product} {ergonomic}
     bool ProfileInterpreter                       = false                                  {pd product} {command line}
    uintx ProfiledCodeHeapSize                     = 0                                      {pd product} {ergonomic}
   size_t SoftMaxHeapSize                          = 4255121408                             {manageable} {ergonomic}
     intx TieredStopAtLevel                        = 1                                         {product} {command line}
     bool UseCompressedClassPointers               = true                           {product lp64_product} {ergonomic}
     bool UseCompressedOops                        = true                           {product lp64_product} {ergonomic}
     bool UseG1GC                                  = true                                      {product} {ergonomic}
     bool UseLargePagesIndividualAllocation        = false                                  {pd product} {ergonomic}

Logging:
Log output configuration:
 #0: stdout all=warning uptime,level,tags
 #1: stderr all=off uptime,level,tags

Environment Variables:
PATH=C:\Python312\Scripts\;C:\Python312\;C:\Program Files\Common Files\Oracle\Java\javapath;C:\Program Files (x86)\Common Files\Oracle\Java\java8path;C:\Program Files (x86)\Common Files\Oracle\Java\javapath;C:\Program Files (x86)\Intel\Intel(R) Management Engine Components\iCLS\;C:\Program Files\Intel\Intel(R) Management Engine Components\iCLS\;C:\Windows\system32;C:\Windows;C:\Windows\System32\Wbem;C:\Windows\System32\WindowsPowerShell\v1.0\;C:\Windows\System32\OpenSSH\;C:\Program Files (x86)\NVIDIA Corporation\PhysX\Common;C:\Program Files\NVIDIA Corporation\NVIDIA NvDLISR;C:\Program Files (x86)\Intel\Intel(R) Management Engine Components\DAL;C:\Program Files\Intel\Intel(R) Management Engine Components\DAL;C:\Program Files (x86)\Intel\Intel(R) Management Engine Components\IPT;C:\Program Files\Intel\Intel(R) Management Engine Components\IPT;C:\Program Files\Git\cmd;C:\Program Files\Docker\Docker\resources\bin;C:\Program Files\nodejs\;C:\ProgramData\chocolatey\bin;C:\Program Files\MySQL\MySQL Shell 8.0\bin\;C:\Users\MSI\AppData\Local\Microsoft\WindowsApps;C:\Program Files\JetBrains\IntelliJ IDEA 2024.1.3\bin;;C:\Users\MSI\AppData\Roaming\npm;C:\Users\MSI\AppData\Local\Programs\Microsoft VS Code\bin;C:\Program Files\apache-maven-3.9.8\bin;
USERNAME=MSI
OS=Windows_NT
PROCESSOR_IDENTIFIER=Intel64 Family 6 Model 158 Stepping 10, GenuineIntel
TMP=C:\Users\MSI\AppData\Local\Temp
TEMP=C:\Users\MSI\AppData\Local\Temp



Periodic native trim disabled

JNI global refs:
JNI global refs: 0, weak refs: 0

JNI global refs memory usage: 0, weak refs: 0

Process memory usage:
Resident Set Size: 11068K (0% of 16617460K total physical memory with 3355992K free physical memory)

OOME stack traces (most recent first):
Classloader memory used:


---------------  S Y S T E M  ---------------

OS:
 Windows 10 , 64 bit Build 19041 (10.0.19041.4717)
OS uptime: 12 days 10:55 hours
Hyper-V role detected

CPU: total 8 (initial active 8) (4 cores per cpu, 2 threads per core) family 6 model 158 stepping 10 microcode 0xb4, cx8, cmov, fxsr, ht, mmx, 3dnowpref, sse, sse2, sse3, ssse3, sse4.1, sse4.2, popcnt, lzcnt, tsc, tscinvbit, avx, avx2, aes, erms, clmul, bmi1, bmi2, adx, fma, vzeroupper, clflush, clflushopt, hv
Processor Information for all 8 processors :
  Max Mhz: 2301, Current Mhz: 2300, Mhz Limit: 2277

Memory: 4k page, system-wide physical 16227M (3277M free)
TotalPageFile size 65379M (AvailPageFile size 153M)
current process WorkingSet (physical memory assigned to process): 10M, peak: 10M
current process commit charge ("private bytes"): 55M, peak: 309M

vm_info: OpenJDK 64-Bit Server VM (17.0.11+1-b1207.24) for windows-amd64 JRE (17.0.11+1-b1207.24), built on 2024-05-15 by "builduser" with MS VC++ 16.10 / 16.11 (VS2019)

END.
